<?xml version="1.0" encoding="UTF-8"?>
<testsuite xmlns:xsi="http://www.w3.org/2001/XMLSchema-instance" xsi:noNamespaceSchemaLocation="https://maven.apache.org/surefire/maven-surefire-plugin/xsd/surefire-test-report-3.0.xsd" version="3.0" name="org.example.algorithms.QuickSortTest" time="0.018" tests="7" errors="0" skipped="0" failures="0">
  <properties>
[...]
</properties>
  <testcase name="testSortsAlreadySortedArray" classname="org.example.algorithms.QuickSortTest" time="0.001"/>
  <testcase name="testSortsSingleElementArray" classname="org.example.algorithms.QuickSortTest" time="0.001"/>
  <testcase name="testSortsRandomArrays" classname="org.example.algorithms.QuickSortTest" time="0.011"/>
  <testcase name="testSortsEmptyArray" classname="org.example.algorithms.QuickSortTest" time="0.001"/>
  <testcase name="testSortsSimpleArray" classname="org.example.algorithms.QuickSortTest" time="0"/>
  <testcase name="testSortsArrayWithDuplicates" classname="org.example.algorithms.QuickSortTest" time="0"/>
  <testcase name="testSortsReverseSortedArray" classname="org.example.algorithms.QuickSortTest" time="0.001"/>
</testsuite>